<?xml version="1.0" encoding="UTF-8"?>
<testsuite xmlns:xsi="http://www.w3.org/2001/XMLSchema-instance" xsi:noNamespaceSchemaLocation="https://maven.apache.org/surefire/maven-surefire-plugin/xsd/surefire-test-report.xsd" name="allureReport.ProjectTest" time="65.348" tests="6" errors="0" skipped="1" failures="2">
  <properties>
[...]
</properties>
  <testcase name="iCEDQlogoPresenceTest" classname="allureReport.ProjectTest" time="3.629"/>
  <testcase name="iCEDQloginTitleTest" classname="allureReport.ProjectTest" time="0.387">
    <failure message="expected [Automate ETL/ DW Testing, Data Migration Testing, BI Report Testing | iCEDQ1111] but found [Automate ETL/ DW Testing, Data Migration Testing, BI Report Testing | iCEDQ]" type="java.lang.AssertionError">java.lang.AssertionError: expected [Automate ETL/ DW Testing, Data Migration Testing, BI Report Testing | iCEDQ1111] but found [Automate ETL/ DW Testing, Data Migration Testing, BI Report Testing | iCEDQ]
	at allureReport.ProjectTest.iCEDQloginTitleTest(ProjectTest.java:59)
</failure>
    <system-out><![CDATA[I am in onTestStart method iCEDQloginTitleTest start
Started login title test
I am in onTestFailure method iCEDQloginTitleTest failed
Screenshot captured for test case:iCEDQloginTitleTest
]]></system-out>
  </testcase>
  <testcase name="productStandardEtest" classname="allureReport.ProjectTest" time="18.546"/>
  <testcase name="dataConnectorLinkTest" classname="allureReport.ProjectTest" time="3.296"/>
  <testcase name="tryNowTest" classname="allureReport.ProjectTest" time="20.372">
    <failure message="no such element: Unable to locate element: {&quot;method&quot;:&quot;xpath&quot;,&quot;selector&quot;:&quot;//a[@class=&apos;vc_general vc_btn3 vc_btn3-size-lg vc_btn3-shape-square vc_btn3-style-custom&apos;]&quot;}&#10;  (Session info: chrome=80.0.3987.163)&#10;For documentation on this error, please visit: https://selenium.dev/exceptions/#no_such_element&#10;Build info: version: &apos;4.0.0-alpha-4&apos;, revision: &apos;c2d955b49e&apos;&#10;System info: host: &apos;TORANA-L073&apos;, ip: &apos;192.168.42.102&apos;, os.name: &apos;Windows 10&apos;, os.arch: &apos;amd64&apos;, os.version: &apos;10.0&apos;, java.version: &apos;1.8.0_91-3-ojdkbuild&apos;&#10;Driver info: org.openqa.selenium.chrome.ChromeDriver&#10;Capabilities {acceptInsecureCerts: false, browserName: chrome, browserVersion: 80.0.3987.163, chrome: {chromedriverVersion: 80.0.3987.106 (f68069574609..., userDataDir: C:\Users\VIVEKR~1\AppData\L...}, goog:chromeOptions: {debuggerAddress: localhost:50701}, javascriptEnabled: true, networkConnectionEnabled: false, pageLoadStrategy: normal, platform: WINDOWS, platformName: WINDOWS, proxy: Proxy(), setWindowRect: true, strictFileInteractability: false, timeouts: {implicit: 0, pageLoad: 300000, script: 30000}, unhandledPromptBehavior: dismiss and notify}&#10;Session ID: 0493e95f1bcfd8104fb98c93b9350ce1&#10;*** Element info: {Using=xpath, value=//a[@class=&apos;vc_general vc_btn3 vc_btn3-size-lg vc_btn3-shape-square vc_btn3-style-custom&apos;]}" type="org.openqa.selenium.NoSuchElementException">org.openqa.selenium.NoSuchElementException: 
no such element: Unable to locate element: {"method":"xpath","selector":"//a[@class='vc_general vc_btn3 vc_btn3-size-lg vc_btn3-shape-square vc_btn3-style-custom']"}
  (Session info: chrome=80.0.3987.163)
For documentation on this error, please visit: https://selenium.dev/exceptions/#no_such_element
Build info: version: '4.0.0-alpha-4', revision: 'c2d955b49e'
System info: host: 'TORANA-L073', ip: '192.168.42.102', os.name: 'Windows 10', os.arch: 'amd64', os.version: '10.0', java.version: '1.8.0_91-3-ojdkbuild'
Driver info: org.openqa.selenium.chrome.ChromeDriver
Capabilities {acceptInsecureCerts: false, browserName: chrome, browserVersion: 80.0.3987.163, chrome: {chromedriverVersion: 80.0.3987.106 (f68069574609..., userDataDir: C:\Users\VIVEKR~1\AppData\L...}, goog:chromeOptions: {debuggerAddress: localhost:50701}, javascriptEnabled: true, networkConnectionEnabled: false, pageLoadStrategy: normal, platform: WINDOWS, platformName: WINDOWS, proxy: Proxy(), setWindowRect: true, strictFileInteractability: false, timeouts: {implicit: 0, pageLoad: 300000, script: 30000}, unhandledPromptBehavior: dismiss and notify}
Session ID: 0493e95f1bcfd8104fb98c93b9350ce1
*** Element info: {Using=xpath, value=//a[@class='vc_general vc_btn3 vc_btn3-size-lg vc_btn3-shape-square vc_btn3-style-custom']}
	at allureReport.ProjectTest.tryNowTest(ProjectTest.java:109)
</failure>
    <system-out><![CDATA[I am in onTestStart method tryNowTest start
I am in onTestFailure method tryNowTest failed
Screenshot captured for test case:tryNowTest
]]></system-out>
  </testcase>
  <testcase name="resourcesTest" classname="allureReport.ProjectTest" time="0">
    <skipped message="Skipping the test case"/>
    <system-out><![CDATA[I am in onTestStart method resourcesTest start
I am in onTestSkipped method resourcesTest skipped
]]></system-out>
  </testcase>
</testsuite>